# JRE version: OpenJDK Runtime Environment (11.0.11+9) (build 11.0.11+9-b60-7590822)
# Java VM: OpenJDK 64-Bit Server VM (11.0.11+9-b60-7590822, mixed mode, tiered, compressed oops, g1 gc, windows-amd64)
Heap:
 garbage-first heap   total 1029120K, used 255488K [0x0000000080000000, 0x0000000100000000)
  region size 1024K, 3 young (3072K), 3 survivors (3072K)
 Metaspace       used 156695K, capacity 161136K, committed 162384K, reserved 1189888K
  class space    used 19330K, capacity 20932K, committed 21376K, reserved 1048576K
GC Heap History (20 events):
Event: 3080.281 GC heap after
{Heap after GC invocations=183 (full 0):
 garbage-first heap   total 406528K, used 197680K [0x0000000080000000, 0x0000000100000000)
  region size 1024K, 1 young (1024K), 1 survivors (1024K)
 Metaspace       used 156474K, capacity 160988K, committed 162128K, reserved 1189888K
  class space    used 19337K, capacity 20947K, committed 21376K, reserved 1048576K
}
Event: 3080.337 GC heap before
{Heap before GC invocations=183 (full 0):
 garbage-first heap   total 406528K, used 203824K [0x0000000080000000, 0x0000000100000000)
  region size 1024K, 9 young (9216K), 1 survivors (1024K)
 Metaspace       used 156481K, capacity 160988K, committed 162128K, reserved 1189888K
  class space    used 19337K, capacity 20947K, committed 21376K, reserved 1048576K
}
Event: 3080.360 GC heap after
{Heap after GC invocations=184 (full 0):
 garbage-first heap   total 406528K, used 202504K [0x0000000080000000, 0x0000000100000000)
  region size 1024K, 5 young (5120K), 5 survivors (5120K)
 Metaspace       used 156481K, capacity 160988K, committed 162128K, reserved 1189888K
  class space    used 19337K, capacity 20947K, committed 21376K, reserved 1048576K
}
Event: 3081.744 GC heap before
{Heap before GC invocations=184 (full 0):
 garbage-first heap   total 406528K, used 258824K [0x0000000080000000, 0x0000000100000000)
  region size 1024K, 45 young (46080K), 5 survivors (5120K)
 Metaspace       used 156568K, capacity 161120K, committed 162128K, reserved 1189888K
  class space    used 19345K, capacity 20961K, committed 21376K, reserved 1048576K
}
Event: 3081.760 GC heap after
{Heap after GC invocations=185 (full 0):
 garbage-first heap   total 406528K, used 203646K [0x0000000080000000, 0x0000000100000000)
  region size 1024K, 6 young (6144K), 6 survivors (6144K)
 Metaspace       used 156568K, capacity 161120K, committed 162128K, reserved 1189888K
  class space    used 19345K, capacity 20961K, committed 21376K, reserved 1048576K
}
Event: 3085.280 GC heap before
{Heap before GC invocations=186 (full 0):
 garbage-first heap   total 406528K, used 249726K [0x0000000080000000, 0x0000000100000000)
  region size 1024K, 51 young (52224K), 6 survivors (6144K)
 Metaspace       used 156416K, capacity 160817K, committed 162128K, reserved 1189888K
  class space    used 19318K, capacity 20910K, committed 21376K, reserved 1048576K
}
Event: 3085.302 GC heap after
{Heap after GC invocations=187 (full 0):
 garbage-first heap   total 406528K, used 201726K [0x0000000080000000, 0x0000000100000000)
  region size 1024K, 1 young (1024K), 1 survivors (1024K)
 Metaspace       used 156416K, capacity 160817K, committed 162128K, reserved 1189888K
  class space    used 19318K, capacity 20910K, committed 21376K, reserved 1048576K
}
Event: 3086.017 GC heap before
{Heap before GC invocations=187 (full 0):
 garbage-first heap   total 406528K, used 219134K [0x0000000080000000, 0x0000000100000000)
  region size 1024K, 19 young (19456K), 1 survivors (1024K)
 Metaspace       used 156507K, capacity 160953K, committed 162384K, reserved 1189888K
  class space    used 19319K, capacity 20911K, committed 21376K, reserved 1048576K
}
Event: 3086.036 GC heap after
{Heap after GC invocations=188 (full 0):
 garbage-first heap   total 406528K, used 198168K [0x0000000080000000, 0x0000000100000000)
  region size 1024K, 1 young (1024K), 1 survivors (1024K)
 Metaspace       used 156507K, capacity 160953K, committed 162384K, reserved 1189888K
  class space    used 19319K, capacity 20911K, committed 21376K, reserved 1048576K
}
Event: 3089.085 GC heap before
{Heap before GC invocations=188 (full 0):
 garbage-first heap   total 406528K, used 251416K [0x0000000080000000, 0x0000000100000000)
  region size 1024K, 55 young (56320K), 1 survivors (1024K)
 Metaspace       used 156679K, capacity 161145K, committed 162384K, reserved 1189888K
  class space    used 19332K, capacity 20935K, committed 21376K, reserved 1048576K
}
Event: 3089.109 GC heap after
{Heap after GC invocations=189 (full 0):
 garbage-first heap   total 406528K, used 200811K [0x0000000080000000, 0x0000000100000000)
  region size 1024K, 4 young (4096K), 4 survivors (4096K)
 Metaspace       used 156679K, capacity 161145K, committed 162384K, reserved 1189888K
  class space    used 19332K, capacity 20935K, committed 21376K, reserved 1048576K
}
Event: 3091.157 GC heap before
{Heap before GC invocations=190 (full 0):
 garbage-first heap   total 406528K, used 315419K [0x0000000080000000, 0x0000000100000000)
  region size 1024K, 94 young (96256K), 4 survivors (4096K)
 Metaspace       used 156684K, capacity 161136K, committed 162384K, reserved 1189888K
  class space    used 19330K, capacity 20932K, committed 21376K, reserved 1048576K
}
Event: 3091.450 GC heap after
{Heap after GC invocations=191 (full 0):
 garbage-first heap   total 406528K, used 257109K [0x0000000080000000, 0x0000000100000000)
  region size 1024K, 12 young (12288K), 12 survivors (12288K)
 Metaspace       used 156684K, capacity 161136K, committed 162384K, reserved 1189888K
  class space    used 19330K, capacity 20932K, committed 21376K, reserved 1048576K
}
Event: 3091.592 GC heap before
{Heap before GC invocations=191 (full 0):
 garbage-first heap   total 406528K, used 264277K [0x0000000080000000, 0x0000000100000000)
  region size 1024K, 19 young (19456K), 12 survivors (12288K)
 Metaspace       used 156687K, capacity 161136K, committed 162384K, reserved 1189888K
  class space    used 19330K, capacity 20932K, committed 21376K, reserved 1048576K
}
Event: 3091.694 GC heap after
{Heap after GC invocations=192 (full 0):
 garbage-first heap   total 406528K, used 238080K [0x0000000080000000, 0x0000000100000000)
  region size 1024K, 3 young (3072K), 3 survivors (3072K)
 Metaspace       used 156687K, capacity 161136K, committed 162384K, reserved 1189888K
  class space    used 19330K, capacity 20932K, committed 21376K, reserved 1048576K
}
Event: 3091.863 GC heap before
{Heap before GC invocations=192 (full 0):
 garbage-first heap   total 406528K, used 254464K [0x0000000080000000, 0x0000000100000000)
  region size 1024K, 19 young (19456K), 3 survivors (3072K)
 Metaspace       used 156693K, capacity 161136K, committed 162384K, reserved 1189888K
  class space    used 19330K, capacity 20932K, committed 21376K, reserved 1048576K
}
Event: 3092.492 GC heap after
{Heap after GC invocations=193 (full 0):
 garbage-first heap   total 406528K, used 240128K [0x0000000080000000, 0x0000000100000000)
  region size 1024K, 3 young (3072K), 3 survivors (3072K)
 Metaspace       used 156693K, capacity 161136K, committed 162384K, reserved 1189888K
  class space    used 19330K, capacity 20932K, committed 21376K, reserved 1048576K
}
Event: 3092.722 GC heap before
{Heap before GC invocations=193 (full 0):
 garbage-first heap   total 406528K, used 256512K [0x0000000080000000, 0x0000000100000000)
  region size 1024K, 19 young (19456K), 3 survivors (3072K)
 Metaspace       used 156693K, capacity 161136K, committed 162384K, reserved 1189888K
  class space    used 19330K, capacity 20932K, committed 21376K, reserved 1048576K
}
Event: 3093.116 GC heap after
{Heap after GC invocations=194 (full 0):
 garbage-first heap   total 406528K, used 248320K [0x0000000080000000, 0x0000000100000000)
  region size 1024K, 3 young (3072K), 3 survivors (3072K)
 Metaspace       used 156693K, capacity 161136K, committed 162384K, reserved 1189888K
  class space    used 19330K, capacity 20932K, committed 21376K, reserved 1048576K
}
Event: 3093.393 GC heap before
{Heap before GC invocations=194 (full 0):
 garbage-first heap   total 406528K, used 264704K [0x0000000080000000, 0x0000000100000000)
  region size 1024K, 19 young (19456K), 3 survivors (3072K)
 Metaspace       used 156695K, capacity 161136K, committed 162384K, reserved 1189888K
  class space    used 19330K, capacity 20932K, committed 21376K, reserved 1048576K
}

